2019-07-17 11:30:10.418 [main] INFO  cn.abel.Application.logStarting - Starting Application on SKY-20180121KYF with PID 96204 (C:\Users\Administrator\Desktop\springBoot-master\springboot-mybatis2\target\classes started by Administrator in C:\Users\Administrator\Desktop\springBoot-master\springboot-mybatis2)
2019-07-17 11:30:10.425 [main] INFO  cn.abel.Application.logStartupProfileInfo - No active profile set, falling back to default profiles: default
2019-07-17 11:30:10.508 [main] INFO  o.s.b.w.s.c.AnnotationConfigServletWebServerApplicationContext.prepareRefresh - Refreshing org.springframework.boot.web.servlet.context.AnnotationConfigServletWebServerApplicationContext@35f26e72: startup date [Wed Jul 17 11:30:10 CST 2019]; root of context hierarchy
2019-07-17 11:30:13.878 [main] INFO  o.s.b.w.e.tomcat.TomcatWebServer.initialize - Tomcat initialized with port(s): 8009 (http)
2019-07-17 11:30:13.905 [main] INFO  o.a.coyote.http11.Http11NioProtocol.log - Initializing ProtocolHandler ["http-nio-8009"]
2019-07-17 11:30:13.923 [main] INFO  o.a.catalina.core.StandardService.log - Starting service [Tomcat]
2019-07-17 11:30:13.924 [main] INFO  o.a.catalina.core.StandardEngine.log - Starting Servlet Engine: Apache Tomcat/8.5.32
2019-07-17 11:30:13.958 [localhost-startStop-1] INFO  o.a.c.core.AprLifecycleListener.log - The APR based Apache Tomcat Native library which allows optimal performance in production environments was not found on the java.library.path: [C:\Program Files\Java\jdk1.8.0_192\bin;C:\Windows\Sun\Java\bin;C:\Windows\system32;C:\Windows;D:\新建文件夹 (2)\;C:\Program Files\Java\jdk1.8.0_192\bin;C:\Program Files\Java\jdk1.8.0_192\jre\bin;c:\windows\system32;C:\Users\Administrator\AppData\Local\GitHubDesktop\bin;.]
2019-07-17 11:30:14.186 [localhost-startStop-1] INFO  o.a.c.c.C.[Tomcat].[localhost].[/].log - Initializing Spring embedded WebApplicationContext
2019-07-17 11:30:14.186 [localhost-startStop-1] INFO  o.s.web.context.ContextLoader.prepareWebApplicationContext - Root WebApplicationContext: initialization completed in 3678 ms
2019-07-17 11:30:14.285 [localhost-startStop-1] INFO  o.s.b.w.s.ServletRegistrationBean.addRegistration - Servlet dispatcherServlet mapped to [/]
2019-07-17 11:30:14.292 [localhost-startStop-1] INFO  o.s.b.w.s.FilterRegistrationBean.configure - Mapping filter: 'characterEncodingFilter' to: [/*]
2019-07-17 11:30:14.293 [localhost-startStop-1] INFO  o.s.b.w.s.FilterRegistrationBean.configure - Mapping filter: 'hiddenHttpMethodFilter' to: [/*]
2019-07-17 11:30:14.293 [localhost-startStop-1] INFO  o.s.b.w.s.FilterRegistrationBean.configure - Mapping filter: 'httpPutFormContentFilter' to: [/*]
2019-07-17 11:30:14.294 [localhost-startStop-1] INFO  o.s.b.w.s.FilterRegistrationBean.configure - Mapping filter: 'requestContextFilter' to: [/*]
2019-07-17 11:30:15.292 [main] INFO  o.s.w.s.h.SimpleUrlHandlerMapping.registerHandler - Mapped URL path [/**/favicon.ico] onto handler of type [class org.springframework.web.servlet.resource.ResourceHttpRequestHandler]
2019-07-17 11:30:15.711 [main] INFO  o.s.w.s.m.m.a.RequestMappingHandlerAdapter.initControllerAdviceCache - Looking for @ControllerAdvice: org.springframework.boot.web.servlet.context.AnnotationConfigServletWebServerApplicationContext@35f26e72: startup date [Wed Jul 17 11:30:10 CST 2019]; root of context hierarchy
2019-07-17 11:30:15.811 [main] INFO  o.s.w.s.m.m.a.RequestMappingHandlerMapping.register - Mapped "{[/count]}" onto public int cn.abel.controller.Controller.abc()
2019-07-17 11:30:15.817 [main] INFO  o.s.w.s.m.m.a.RequestMappingHandlerMapping.register - Mapped "{[/error]}" onto public org.springframework.http.ResponseEntity<java.util.Map<java.lang.String, java.lang.Object>> org.springframework.boot.autoconfigure.web.servlet.error.BasicErrorController.error(javax.servlet.http.HttpServletRequest)
2019-07-17 11:30:15.818 [main] INFO  o.s.w.s.m.m.a.RequestMappingHandlerMapping.register - Mapped "{[/error],produces=[text/html]}" onto public org.springframework.web.servlet.ModelAndView org.springframework.boot.autoconfigure.web.servlet.error.BasicErrorController.errorHtml(javax.servlet.http.HttpServletRequest,javax.servlet.http.HttpServletResponse)
2019-07-17 11:30:15.855 [main] INFO  o.s.w.s.h.SimpleUrlHandlerMapping.registerHandler - Mapped URL path [/webjars/**] onto handler of type [class org.springframework.web.servlet.resource.ResourceHttpRequestHandler]
2019-07-17 11:30:15.856 [main] INFO  o.s.w.s.h.SimpleUrlHandlerMapping.registerHandler - Mapped URL path [/**] onto handler of type [class org.springframework.web.servlet.resource.ResourceHttpRequestHandler]
2019-07-17 11:30:16.586 [main] INFO  o.s.u.f.SpringTemplateLoader.<init> - SpringTemplateLoader for FreeMarker: using resource loader [org.springframework.boot.web.servlet.context.AnnotationConfigServletWebServerApplicationContext@35f26e72: startup date [Wed Jul 17 11:30:10 CST 2019]; root of context hierarchy] and template loader path [classpath:/templates/]
2019-07-17 11:30:16.587 [main] INFO  o.s.w.s.v.f.FreeMarkerConfigurer.postProcessTemplateLoaders - ClassTemplateLoader for Spring macros added to FreeMarker configuration
2019-07-17 11:30:16.629 [main] WARN  o.s.b.a.f.FreeMarkerAutoConfiguration.checkTemplateLocationExists - Cannot find template location(s): [classpath:/templates/] (please add some templates, check your FreeMarker configuration, or set spring.freemarker.checkTemplateLocation=false)
2019-07-17 11:30:16.819 [main] INFO  o.s.j.e.a.AnnotationMBeanExporter.afterSingletonsInstantiated - Registering beans for JMX exposure on startup
2019-07-17 11:30:16.821 [main] INFO  o.s.j.e.a.AnnotationMBeanExporter.autodetect - Bean with name 'dataSource' has been autodetected for JMX exposure
2019-07-17 11:30:16.828 [main] INFO  o.s.j.e.a.AnnotationMBeanExporter.registerBeanInstance - Located MBean 'dataSource': registering with JMX server as MBean [com.zaxxer.hikari:name=dataSource,type=HikariDataSource]
2019-07-17 11:30:16.842 [main] INFO  o.a.coyote.http11.Http11NioProtocol.log - Starting ProtocolHandler ["http-nio-8009"]
2019-07-17 11:30:16.857 [main] INFO  o.a.tomcat.util.net.NioSelectorPool.log - Using a shared selector for servlet write/read
2019-07-17 11:30:16.924 [main] INFO  o.s.b.w.e.tomcat.TomcatWebServer.start - Tomcat started on port(s): 8009 (http) with context path ''
2019-07-17 11:30:16.928 [main] INFO  cn.abel.Application.logStarted - Started Application in 7.518 seconds (JVM running for 8.377)
2019-07-17 11:30:23.407 [Thread-3] INFO  o.s.b.w.s.c.AnnotationConfigServletWebServerApplicationContext.doClose - Closing org.springframework.boot.web.servlet.context.AnnotationConfigServletWebServerApplicationContext@35f26e72: startup date [Wed Jul 17 11:30:10 CST 2019]; root of context hierarchy
2019-07-17 11:30:23.407 [Thread-3] INFO  o.s.j.e.a.AnnotationMBeanExporter.destroy - Unregistering JMX-exposed beans on shutdown
2019-07-17 11:30:23.407 [Thread-3] INFO  o.s.j.e.a.AnnotationMBeanExporter.unregisterBeans - Unregistering JMX-exposed beans
2019-07-17 11:30:26.219 [main] INFO  cn.abel.Application.logStarting - Starting Application on SKY-20180121KYF with PID 96252 (C:\Users\Administrator\Desktop\springBoot-master\springboot-mybatis2\target\classes started by Administrator in C:\Users\Administrator\Desktop\springBoot-master\springboot-mybatis2)
2019-07-17 11:30:26.226 [main] INFO  cn.abel.Application.logStartupProfileInfo - No active profile set, falling back to default profiles: default
2019-07-17 11:30:26.355 [main] INFO  o.s.b.w.s.c.AnnotationConfigServletWebServerApplicationContext.prepareRefresh - Refreshing org.springframework.boot.web.servlet.context.AnnotationConfigServletWebServerApplicationContext@49d3c823: startup date [Wed Jul 17 11:30:26 CST 2019]; root of context hierarchy
2019-07-17 11:30:30.570 [main] INFO  o.s.b.w.e.tomcat.TomcatWebServer.initialize - Tomcat initialized with port(s): 8009 (http)
2019-07-17 11:30:30.602 [main] INFO  o.a.coyote.http11.Http11NioProtocol.log - Initializing ProtocolHandler ["http-nio-8009"]
2019-07-17 11:30:30.622 [main] INFO  o.a.catalina.core.StandardService.log - Starting service [Tomcat]
2019-07-17 11:30:30.622 [main] INFO  o.a.catalina.core.StandardEngine.log - Starting Servlet Engine: Apache Tomcat/8.5.32
2019-07-17 11:30:30.816 [localhost-startStop-1] INFO  o.a.c.core.AprLifecycleListener.log - The APR based Apache Tomcat Native library which allows optimal performance in production environments was not found on the java.library.path: [C:\Program Files\Java\jdk1.8.0_192\bin;C:\Windows\Sun\Java\bin;C:\Windows\system32;C:\Windows;D:\新建文件夹 (2)\;C:\Program Files\Java\jdk1.8.0_192\bin;C:\Program Files\Java\jdk1.8.0_192\jre\bin;c:\windows\system32;C:\Users\Administrator\AppData\Local\GitHubDesktop\bin;.]
2019-07-17 11:30:31.158 [localhost-startStop-1] INFO  o.a.c.c.C.[Tomcat].[localhost].[/].log - Initializing Spring embedded WebApplicationContext
2019-07-17 11:30:31.159 [localhost-startStop-1] INFO  o.s.web.context.ContextLoader.prepareWebApplicationContext - Root WebApplicationContext: initialization completed in 4804 ms
2019-07-17 11:30:31.340 [localhost-startStop-1] INFO  o.s.b.w.s.ServletRegistrationBean.addRegistration - Servlet dispatcherServlet mapped to [/]
2019-07-17 11:30:31.359 [localhost-startStop-1] INFO  o.s.b.w.s.FilterRegistrationBean.configure - Mapping filter: 'characterEncodingFilter' to: [/*]
2019-07-17 11:30:31.359 [localhost-startStop-1] INFO  o.s.b.w.s.FilterRegistrationBean.configure - Mapping filter: 'hiddenHttpMethodFilter' to: [/*]
2019-07-17 11:30:31.368 [localhost-startStop-1] INFO  o.s.b.w.s.FilterRegistrationBean.configure - Mapping filter: 'httpPutFormContentFilter' to: [/*]
2019-07-17 11:30:31.368 [localhost-startStop-1] INFO  o.s.b.w.s.FilterRegistrationBean.configure - Mapping filter: 'requestContextFilter' to: [/*]
2019-07-17 11:30:32.601 [main] INFO  o.s.w.s.h.SimpleUrlHandlerMapping.registerHandler - Mapped URL path [/**/favicon.ico] onto handler of type [class org.springframework.web.servlet.resource.ResourceHttpRequestHandler]
2019-07-17 11:30:32.914 [main] INFO  o.s.w.s.m.m.a.RequestMappingHandlerAdapter.initControllerAdviceCache - Looking for @ControllerAdvice: org.springframework.boot.web.servlet.context.AnnotationConfigServletWebServerApplicationContext@49d3c823: startup date [Wed Jul 17 11:30:26 CST 2019]; root of context hierarchy
2019-07-17 11:30:33.020 [main] INFO  o.s.w.s.m.m.a.RequestMappingHandlerMapping.register - Mapped "{[/count]}" onto public int cn.abel.controller.Controller.abc()
2019-07-17 11:30:33.026 [main] INFO  o.s.w.s.m.m.a.RequestMappingHandlerMapping.register - Mapped "{[/error]}" onto public org.springframework.http.ResponseEntity<java.util.Map<java.lang.String, java.lang.Object>> org.springframework.boot.autoconfigure.web.servlet.error.BasicErrorController.error(javax.servlet.http.HttpServletRequest)
2019-07-17 11:30:33.032 [main] INFO  o.s.w.s.m.m.a.RequestMappingHandlerMapping.register - Mapped "{[/error],produces=[text/html]}" onto public org.springframework.web.servlet.ModelAndView org.springframework.boot.autoconfigure.web.servlet.error.BasicErrorController.errorHtml(javax.servlet.http.HttpServletRequest,javax.servlet.http.HttpServletResponse)
2019-07-17 11:30:33.075 [main] INFO  o.s.w.s.h.SimpleUrlHandlerMapping.registerHandler - Mapped URL path [/webjars/**] onto handler of type [class org.springframework.web.servlet.resource.ResourceHttpRequestHandler]
2019-07-17 11:30:33.075 [main] INFO  o.s.w.s.h.SimpleUrlHandlerMapping.registerHandler - Mapped URL path [/**] onto handler of type [class org.springframework.web.servlet.resource.ResourceHttpRequestHandler]
2019-07-17 11:30:33.451 [main] INFO  o.s.u.f.SpringTemplateLoader.<init> - SpringTemplateLoader for FreeMarker: using resource loader [org.springframework.boot.web.servlet.context.AnnotationConfigServletWebServerApplicationContext@49d3c823: startup date [Wed Jul 17 11:30:26 CST 2019]; root of context hierarchy] and template loader path [classpath:/templates/]
2019-07-17 11:30:33.452 [main] INFO  o.s.w.s.v.f.FreeMarkerConfigurer.postProcessTemplateLoaders - ClassTemplateLoader for Spring macros added to FreeMarker configuration
2019-07-17 11:30:33.483 [main] WARN  o.s.b.a.f.FreeMarkerAutoConfiguration.checkTemplateLocationExists - Cannot find template location(s): [classpath:/templates/] (please add some templates, check your FreeMarker configuration, or set spring.freemarker.checkTemplateLocation=false)
2019-07-17 11:30:33.693 [main] INFO  o.s.j.e.a.AnnotationMBeanExporter.afterSingletonsInstantiated - Registering beans for JMX exposure on startup
2019-07-17 11:30:33.695 [main] INFO  o.s.j.e.a.AnnotationMBeanExporter.autodetect - Bean with name 'dataSource' has been autodetected for JMX exposure
2019-07-17 11:30:33.702 [main] INFO  o.s.j.e.a.AnnotationMBeanExporter.registerBeanInstance - Located MBean 'dataSource': registering with JMX server as MBean [com.zaxxer.hikari:name=dataSource,type=HikariDataSource]
2019-07-17 11:30:33.716 [main] INFO  o.a.coyote.http11.Http11NioProtocol.log - Starting ProtocolHandler ["http-nio-8009"]
2019-07-17 11:30:33.732 [main] INFO  o.a.tomcat.util.net.NioSelectorPool.log - Using a shared selector for servlet write/read
2019-07-17 11:30:33.818 [main] INFO  o.s.b.w.e.tomcat.TomcatWebServer.start - Tomcat started on port(s): 8009 (http) with context path ''
2019-07-17 11:30:33.825 [main] INFO  cn.abel.Application.logStarted - Started Application in 8.618 seconds (JVM running for 9.558)
2019-07-17 11:30:37.672 [http-nio-8009-exec-7] INFO  o.a.c.c.C.[Tomcat].[localhost].[/].log - Initializing Spring FrameworkServlet 'dispatcherServlet'
2019-07-17 11:30:37.690 [http-nio-8009-exec-7] INFO  o.s.web.servlet.DispatcherServlet.initServletBean - FrameworkServlet 'dispatcherServlet': initialization started
2019-07-17 11:30:37.755 [http-nio-8009-exec-7] INFO  o.s.web.servlet.DispatcherServlet.initServletBean - FrameworkServlet 'dispatcherServlet': initialization completed in 64 ms
2019-07-17 11:30:37.843 [http-nio-8009-exec-7] INFO  com.zaxxer.hikari.HikariDataSource.getConnection - HikariPool-1 - Starting...
2019-07-17 11:30:38.192 [http-nio-8009-exec-7] INFO  com.zaxxer.hikari.HikariDataSource.getConnection - HikariPool-1 - Start completed.
2019-07-17 11:33:43.457 [Thread-3] INFO  o.s.b.w.s.c.AnnotationConfigServletWebServerApplicationContext.doClose - Closing org.springframework.boot.web.servlet.context.AnnotationConfigServletWebServerApplicationContext@49d3c823: startup date [Wed Jul 17 11:30:26 CST 2019]; root of context hierarchy
2019-07-17 11:33:43.457 [Thread-3] INFO  o.s.j.e.a.AnnotationMBeanExporter.destroy - Unregistering JMX-exposed beans on shutdown
2019-07-17 11:33:43.467 [Thread-3] INFO  o.s.j.e.a.AnnotationMBeanExporter.unregisterBeans - Unregistering JMX-exposed beans
2019-07-17 11:33:43.467 [Thread-3] INFO  com.zaxxer.hikari.HikariDataSource.close - HikariPool-1 - Shutdown initiated...
2019-07-17 11:33:43.477 [Thread-3] INFO  com.zaxxer.hikari.HikariDataSource.close - HikariPool-1 - Shutdown completed.
2019-07-17 11:33:49.768 [main] INFO  cn.abel.Application.logStarting - Starting Application on SKY-20180121KYF with PID 7980 (C:\Users\Administrator\Desktop\springBoot-master\springboot-mybatis2\target\classes started by Administrator in C:\Users\Administrator\Desktop\springBoot-master\springboot-mybatis2)
2019-07-17 11:33:49.775 [main] INFO  cn.abel.Application.logStartupProfileInfo - No active profile set, falling back to default profiles: default
2019-07-17 11:33:49.856 [main] INFO  o.s.b.w.s.c.AnnotationConfigServletWebServerApplicationContext.prepareRefresh - Refreshing org.springframework.boot.web.servlet.context.AnnotationConfigServletWebServerApplicationContext@74960bfa: startup date [Wed Jul 17 11:33:49 CST 2019]; root of context hierarchy
2019-07-17 11:33:55.274 [main] INFO  o.s.b.w.e.tomcat.TomcatWebServer.initialize - Tomcat initialized with port(s): 8009 (http)
2019-07-17 11:33:55.304 [main] INFO  o.a.coyote.http11.Http11NioProtocol.log - Initializing ProtocolHandler ["http-nio-8009"]
2019-07-17 11:33:55.329 [main] INFO  o.a.catalina.core.StandardService.log - Starting service [Tomcat]
2019-07-17 11:33:55.330 [main] INFO  o.a.catalina.core.StandardEngine.log - Starting Servlet Engine: Apache Tomcat/8.5.32
2019-07-17 11:33:55.364 [localhost-startStop-1] INFO  o.a.c.core.AprLifecycleListener.log - The APR based Apache Tomcat Native library which allows optimal performance in production environments was not found on the java.library.path: [C:\Program Files\Java\jdk1.8.0_192\bin;C:\Windows\Sun\Java\bin;C:\Windows\system32;C:\Windows;D:\新建文件夹 (2)\;C:\Program Files\Java\jdk1.8.0_192\bin;C:\Program Files\Java\jdk1.8.0_192\jre\bin;c:\windows\system32;C:\Users\Administrator\AppData\Local\GitHubDesktop\bin;.]
2019-07-17 11:33:55.719 [localhost-startStop-1] INFO  o.a.c.c.C.[Tomcat].[localhost].[/].log - Initializing Spring embedded WebApplicationContext
2019-07-17 11:33:55.719 [localhost-startStop-1] INFO  o.s.web.context.ContextLoader.prepareWebApplicationContext - Root WebApplicationContext: initialization completed in 5863 ms
2019-07-17 11:33:56.011 [localhost-startStop-1] INFO  o.s.b.w.s.ServletRegistrationBean.addRegistration - Servlet dispatcherServlet mapped to [/]
2019-07-17 11:33:56.020 [localhost-startStop-1] INFO  o.s.b.w.s.FilterRegistrationBean.configure - Mapping filter: 'characterEncodingFilter' to: [/*]
2019-07-17 11:33:56.020 [localhost-startStop-1] INFO  o.s.b.w.s.FilterRegistrationBean.configure - Mapping filter: 'hiddenHttpMethodFilter' to: [/*]
2019-07-17 11:33:56.021 [localhost-startStop-1] INFO  o.s.b.w.s.FilterRegistrationBean.configure - Mapping filter: 'httpPutFormContentFilter' to: [/*]
2019-07-17 11:33:56.021 [localhost-startStop-1] INFO  o.s.b.w.s.FilterRegistrationBean.configure - Mapping filter: 'requestContextFilter' to: [/*]
2019-07-17 11:33:57.084 [main] INFO  o.s.w.s.h.SimpleUrlHandlerMapping.registerHandler - Mapped URL path [/**/favicon.ico] onto handler of type [class org.springframework.web.servlet.resource.ResourceHttpRequestHandler]
2019-07-17 11:33:57.405 [main] INFO  o.s.w.s.m.m.a.RequestMappingHandlerAdapter.initControllerAdviceCache - Looking for @ControllerAdvice: org.springframework.boot.web.servlet.context.AnnotationConfigServletWebServerApplicationContext@74960bfa: startup date [Wed Jul 17 11:33:49 CST 2019]; root of context hierarchy
2019-07-17 11:33:57.742 [main] INFO  o.s.w.s.m.m.a.RequestMappingHandlerMapping.register - Mapped "{[/count]}" onto public int cn.abel.controller.Controller.abc()
2019-07-17 11:33:57.750 [main] INFO  o.s.w.s.m.m.a.RequestMappingHandlerMapping.register - Mapped "{[/error]}" onto public org.springframework.http.ResponseEntity<java.util.Map<java.lang.String, java.lang.Object>> org.springframework.boot.autoconfigure.web.servlet.error.BasicErrorController.error(javax.servlet.http.HttpServletRequest)
2019-07-17 11:33:57.752 [main] INFO  o.s.w.s.m.m.a.RequestMappingHandlerMapping.register - Mapped "{[/error],produces=[text/html]}" onto public org.springframework.web.servlet.ModelAndView org.springframework.boot.autoconfigure.web.servlet.error.BasicErrorController.errorHtml(javax.servlet.http.HttpServletRequest,javax.servlet.http.HttpServletResponse)
2019-07-17 11:33:57.806 [main] INFO  o.s.w.s.h.SimpleUrlHandlerMapping.registerHandler - Mapped URL path [/webjars/**] onto handler of type [class org.springframework.web.servlet.resource.ResourceHttpRequestHandler]
2019-07-17 11:33:57.808 [main] INFO  o.s.w.s.h.SimpleUrlHandlerMapping.registerHandler - Mapped URL path [/**] onto handler of type [class org.springframework.web.servlet.resource.ResourceHttpRequestHandler]
2019-07-17 11:33:58.807 [main] INFO  o.s.u.f.SpringTemplateLoader.<init> - SpringTemplateLoader for FreeMarker: using resource loader [org.springframework.boot.web.servlet.context.AnnotationConfigServletWebServerApplicationContext@74960bfa: startup date [Wed Jul 17 11:33:49 CST 2019]; root of context hierarchy] and template loader path [classpath:/templates/]
2019-07-17 11:33:58.809 [main] INFO  o.s.w.s.v.f.FreeMarkerConfigurer.postProcessTemplateLoaders - ClassTemplateLoader for Spring macros added to FreeMarker configuration
2019-07-17 11:33:58.851 [main] WARN  o.s.b.a.f.FreeMarkerAutoConfiguration.checkTemplateLocationExists - Cannot find template location(s): [classpath:/templates/] (please add some templates, check your FreeMarker configuration, or set spring.freemarker.checkTemplateLocation=false)
2019-07-17 11:33:59.133 [main] INFO  o.s.j.e.a.AnnotationMBeanExporter.afterSingletonsInstantiated - Registering beans for JMX exposure on startup
2019-07-17 11:33:59.138 [main] INFO  o.s.j.e.a.AnnotationMBeanExporter.autodetect - Bean with name 'dataSource' has been autodetected for JMX exposure
2019-07-17 11:33:59.148 [main] INFO  o.s.j.e.a.AnnotationMBeanExporter.registerBeanInstance - Located MBean 'dataSource': registering with JMX server as MBean [com.zaxxer.hikari:name=dataSource,type=HikariDataSource]
2019-07-17 11:33:59.167 [main] INFO  o.a.coyote.http11.Http11NioProtocol.log - Starting ProtocolHandler ["http-nio-8009"]
2019-07-17 11:33:59.193 [main] INFO  o.a.tomcat.util.net.NioSelectorPool.log - Using a shared selector for servlet write/read
2019-07-17 11:33:59.655 [main] INFO  o.s.b.w.e.tomcat.TomcatWebServer.start - Tomcat started on port(s): 8009 (http) with context path ''
2019-07-17 11:33:59.662 [main] INFO  cn.abel.Application.logStarted - Started Application in 11.035 seconds (JVM running for 12.12)
2019-07-17 11:34:21.515 [http-nio-8009-exec-7] INFO  o.a.c.c.C.[Tomcat].[localhost].[/].log - Initializing Spring FrameworkServlet 'dispatcherServlet'
2019-07-17 11:34:21.515 [http-nio-8009-exec-7] INFO  o.s.web.servlet.DispatcherServlet.initServletBean - FrameworkServlet 'dispatcherServlet': initialization started
2019-07-17 11:34:21.563 [http-nio-8009-exec-7] INFO  o.s.web.servlet.DispatcherServlet.initServletBean - FrameworkServlet 'dispatcherServlet': initialization completed in 47 ms
2019-07-17 11:34:21.652 [http-nio-8009-exec-7] INFO  com.zaxxer.hikari.HikariDataSource.getConnection - HikariPool-1 - Starting...
2019-07-17 11:34:22.074 [http-nio-8009-exec-7] INFO  com.zaxxer.hikari.HikariDataSource.getConnection - HikariPool-1 - Start completed.
2019-07-17 11:40:15.012 [main] INFO  cn.abel.service.ServiceTest.logStarting - Starting ServiceTest on SKY-20180121KYF with PID 106352 (started by Administrator in C:\Users\Administrator\Desktop\springBoot-master\springboot-mybatis2)
2019-07-17 11:40:15.015 [main] INFO  cn.abel.service.ServiceTest.logStartupProfileInfo - No active profile set, falling back to default profiles: default
2019-07-17 11:40:15.067 [main] INFO  o.s.w.c.s.GenericWebApplicationContext.prepareRefresh - Refreshing org.springframework.web.context.support.GenericWebApplicationContext@2db2cd5: startup date [Wed Jul 17 11:40:15 CST 2019]; root of context hierarchy
2019-07-17 11:40:18.336 [main] INFO  o.s.w.s.h.SimpleUrlHandlerMapping.registerHandler - Mapped URL path [/**/favicon.ico] onto handler of type [class org.springframework.web.servlet.resource.ResourceHttpRequestHandler]
2019-07-17 11:40:18.670 [main] INFO  o.s.w.s.m.m.a.RequestMappingHandlerAdapter.initControllerAdviceCache - Looking for @ControllerAdvice: org.springframework.web.context.support.GenericWebApplicationContext@2db2cd5: startup date [Wed Jul 17 11:40:15 CST 2019]; root of context hierarchy
2019-07-17 11:40:18.798 [main] INFO  o.s.w.s.m.m.a.RequestMappingHandlerMapping.register - Mapped "{[/count]}" onto public int cn.abel.controller.Controller.abc()
2019-07-17 11:40:18.804 [main] INFO  o.s.w.s.m.m.a.RequestMappingHandlerMapping.register - Mapped "{[/error]}" onto public org.springframework.http.ResponseEntity<java.util.Map<java.lang.String, java.lang.Object>> org.springframework.boot.autoconfigure.web.servlet.error.BasicErrorController.error(javax.servlet.http.HttpServletRequest)
2019-07-17 11:40:18.806 [main] INFO  o.s.w.s.m.m.a.RequestMappingHandlerMapping.register - Mapped "{[/error],produces=[text/html]}" onto public org.springframework.web.servlet.ModelAndView org.springframework.boot.autoconfigure.web.servlet.error.BasicErrorController.errorHtml(javax.servlet.http.HttpServletRequest,javax.servlet.http.HttpServletResponse)
2019-07-17 11:40:18.856 [main] INFO  o.s.w.s.h.SimpleUrlHandlerMapping.registerHandler - Mapped URL path [/webjars/**] onto handler of type [class org.springframework.web.servlet.resource.ResourceHttpRequestHandler]
2019-07-17 11:40:18.857 [main] INFO  o.s.w.s.h.SimpleUrlHandlerMapping.registerHandler - Mapped URL path [/**] onto handler of type [class org.springframework.web.servlet.resource.ResourceHttpRequestHandler]
2019-07-17 11:40:19.272 [main] INFO  o.s.u.f.SpringTemplateLoader.<init> - SpringTemplateLoader for FreeMarker: using resource loader [org.springframework.web.context.support.GenericWebApplicationContext@2db2cd5: startup date [Wed Jul 17 11:40:15 CST 2019]; root of context hierarchy] and template loader path [classpath:/templates/]
2019-07-17 11:40:19.274 [main] INFO  o.s.w.s.v.f.FreeMarkerConfigurer.postProcessTemplateLoaders - ClassTemplateLoader for Spring macros added to FreeMarker configuration
2019-07-17 11:40:19.312 [main] WARN  o.s.b.a.f.FreeMarkerAutoConfiguration.checkTemplateLocationExists - Cannot find template location(s): [classpath:/templates/] (please add some templates, check your FreeMarker configuration, or set spring.freemarker.checkTemplateLocation=false)
2019-07-17 11:40:20.718 [main] INFO  cn.abel.service.ServiceTest.logStarted - Started ServiceTest in 7.814 seconds (JVM running for 9.521)
2019-07-17 11:40:23.563 [main] INFO  com.zaxxer.hikari.HikariDataSource.getConnection - HikariPool-1 - Starting...
2019-07-17 11:40:24.245 [main] INFO  com.zaxxer.hikari.HikariDataSource.getConnection - HikariPool-1 - Start completed.
2019-07-17 11:40:24.285 [Thread-2] INFO  o.s.w.c.s.GenericWebApplicationContext.doClose - Closing org.springframework.web.context.support.GenericWebApplicationContext@2db2cd5: startup date [Wed Jul 17 11:40:15 CST 2019]; root of context hierarchy
2019-07-17 11:40:24.305 [Thread-2] INFO  com.zaxxer.hikari.HikariDataSource.close - HikariPool-1 - Shutdown initiated...
2019-07-17 11:40:24.315 [Thread-2] INFO  com.zaxxer.hikari.HikariDataSource.close - HikariPool-1 - Shutdown completed.
2019-07-17 11:41:11.799 [main] INFO  cn.abel.service.ServiceTest.logStarting - Starting ServiceTest on SKY-20180121KYF with PID 75972 (started by Administrator in C:\Users\Administrator\Desktop\springBoot-master\springboot-mybatis2)
2019-07-17 11:41:11.802 [main] INFO  cn.abel.service.ServiceTest.logStartupProfileInfo - No active profile set, falling back to default profiles: default
2019-07-17 11:41:11.896 [main] INFO  o.s.w.c.s.GenericWebApplicationContext.prepareRefresh - Refreshing org.springframework.web.context.support.GenericWebApplicationContext@71104a4: startup date [Wed Jul 17 11:41:11 CST 2019]; root of context hierarchy
2019-07-17 11:41:15.547 [main] INFO  o.s.w.s.h.SimpleUrlHandlerMapping.registerHandler - Mapped URL path [/**/favicon.ico] onto handler of type [class org.springframework.web.servlet.resource.ResourceHttpRequestHandler]
2019-07-17 11:41:15.836 [main] INFO  o.s.w.s.m.m.a.RequestMappingHandlerAdapter.initControllerAdviceCache - Looking for @ControllerAdvice: org.springframework.web.context.support.GenericWebApplicationContext@71104a4: startup date [Wed Jul 17 11:41:11 CST 2019]; root of context hierarchy
2019-07-17 11:41:15.960 [main] INFO  o.s.w.s.m.m.a.RequestMappingHandlerMapping.register - Mapped "{[/count]}" onto public int cn.abel.controller.Controller.abc()
2019-07-17 11:41:15.965 [main] INFO  o.s.w.s.m.m.a.RequestMappingHandlerMapping.register - Mapped "{[/error]}" onto public org.springframework.http.ResponseEntity<java.util.Map<java.lang.String, java.lang.Object>> org.springframework.boot.autoconfigure.web.servlet.error.BasicErrorController.error(javax.servlet.http.HttpServletRequest)
2019-07-17 11:41:15.966 [main] INFO  o.s.w.s.m.m.a.RequestMappingHandlerMapping.register - Mapped "{[/error],produces=[text/html]}" onto public org.springframework.web.servlet.ModelAndView org.springframework.boot.autoconfigure.web.servlet.error.BasicErrorController.errorHtml(javax.servlet.http.HttpServletRequest,javax.servlet.http.HttpServletResponse)
2019-07-17 11:41:16.067 [main] INFO  o.s.w.s.h.SimpleUrlHandlerMapping.registerHandler - Mapped URL path [/webjars/**] onto handler of type [class org.springframework.web.servlet.resource.ResourceHttpRequestHandler]
2019-07-17 11:41:16.067 [main] INFO  o.s.w.s.h.SimpleUrlHandlerMapping.registerHandler - Mapped URL path [/**] onto handler of type [class org.springframework.web.servlet.resource.ResourceHttpRequestHandler]
2019-07-17 11:41:16.476 [main] INFO  o.s.u.f.SpringTemplateLoader.<init> - SpringTemplateLoader for FreeMarker: using resource loader [org.springframework.web.context.support.GenericWebApplicationContext@71104a4: startup date [Wed Jul 17 11:41:11 CST 2019]; root of context hierarchy] and template loader path [classpath:/templates/]
2019-07-17 11:41:16.478 [main] INFO  o.s.w.s.v.f.FreeMarkerConfigurer.postProcessTemplateLoaders - ClassTemplateLoader for Spring macros added to FreeMarker configuration
2019-07-17 11:41:16.514 [main] WARN  o.s.b.a.f.FreeMarkerAutoConfiguration.checkTemplateLocationExists - Cannot find template location(s): [classpath:/templates/] (please add some templates, check your FreeMarker configuration, or set spring.freemarker.checkTemplateLocation=false)
2019-07-17 11:41:17.110 [main] INFO  cn.abel.service.ServiceTest.logStarted - Started ServiceTest in 6.853 seconds (JVM running for 8.664)
2019-07-17 11:41:21.468 [main] INFO  com.zaxxer.hikari.HikariDataSource.getConnection - HikariPool-1 - Starting...
2019-07-17 11:41:22.230 [main] INFO  com.zaxxer.hikari.HikariDataSource.getConnection - HikariPool-1 - Start completed.
2019-07-17 11:41:36.002 [Thread-2] INFO  o.s.w.c.s.GenericWebApplicationContext.doClose - Closing org.springframework.web.context.support.GenericWebApplicationContext@71104a4: startup date [Wed Jul 17 11:41:11 CST 2019]; root of context hierarchy
2019-07-17 11:41:36.165 [Thread-2] INFO  com.zaxxer.hikari.HikariDataSource.close - HikariPool-1 - Shutdown initiated...
2019-07-17 11:41:36.182 [Thread-2] INFO  com.zaxxer.hikari.HikariDataSource.close - HikariPool-1 - Shutdown completed.
2019-07-17 11:46:02.061 [main] INFO  cn.abel.service.ServiceTest.logStarting - Starting ServiceTest on SKY-20180121KYF with PID 138536 (started by Administrator in C:\Users\Administrator\Desktop\springBoot-master\springboot-mybatis2)
2019-07-17 11:46:02.065 [main] INFO  cn.abel.service.ServiceTest.logStartupProfileInfo - No active profile set, falling back to default profiles: default
2019-07-17 11:46:02.145 [main] INFO  o.s.w.c.s.GenericWebApplicationContext.prepareRefresh - Refreshing org.springframework.web.context.support.GenericWebApplicationContext@7249dadf: startup date [Wed Jul 17 11:46:02 CST 2019]; root of context hierarchy
2019-07-17 11:46:09.310 [main] INFO  cn.abel.service.ServiceTest.logStarting - Starting ServiceTest on SKY-20180121KYF with PID 131480 (started by Administrator in C:\Users\Administrator\Desktop\springBoot-master\springboot-mybatis2)
2019-07-17 11:46:09.313 [main] INFO  cn.abel.service.ServiceTest.logStartupProfileInfo - No active profile set, falling back to default profiles: default
2019-07-17 11:46:09.374 [main] INFO  o.s.w.c.s.GenericWebApplicationContext.prepareRefresh - Refreshing org.springframework.web.context.support.GenericWebApplicationContext@57f791c6: startup date [Wed Jul 17 11:46:09 CST 2019]; root of context hierarchy
2019-07-17 11:46:12.904 [main] INFO  o.s.w.s.h.SimpleUrlHandlerMapping.registerHandler - Mapped URL path [/**/favicon.ico] onto handler of type [class org.springframework.web.servlet.resource.ResourceHttpRequestHandler]
2019-07-17 11:46:14.364 [main] INFO  o.s.w.s.m.m.a.RequestMappingHandlerAdapter.initControllerAdviceCache - Looking for @ControllerAdvice: org.springframework.web.context.support.GenericWebApplicationContext@57f791c6: startup date [Wed Jul 17 11:46:09 CST 2019]; root of context hierarchy
2019-07-17 11:46:14.568 [main] INFO  o.s.w.s.m.m.a.RequestMappingHandlerMapping.register - Mapped "{[/count]}" onto public int cn.abel.controller.Controller.abc()
2019-07-17 11:46:14.573 [main] INFO  o.s.w.s.m.m.a.RequestMappingHandlerMapping.register - Mapped "{[/error]}" onto public org.springframework.http.ResponseEntity<java.util.Map<java.lang.String, java.lang.Object>> org.springframework.boot.autoconfigure.web.servlet.error.BasicErrorController.error(javax.servlet.http.HttpServletRequest)
2019-07-17 11:46:14.575 [main] INFO  o.s.w.s.m.m.a.RequestMappingHandlerMapping.register - Mapped "{[/error],produces=[text/html]}" onto public org.springframework.web.servlet.ModelAndView org.springframework.boot.autoconfigure.web.servlet.error.BasicErrorController.errorHtml(javax.servlet.http.HttpServletRequest,javax.servlet.http.HttpServletResponse)
2019-07-17 11:46:14.624 [main] INFO  o.s.w.s.h.SimpleUrlHandlerMapping.registerHandler - Mapped URL path [/webjars/**] onto handler of type [class org.springframework.web.servlet.resource.ResourceHttpRequestHandler]
2019-07-17 11:46:14.624 [main] INFO  o.s.w.s.h.SimpleUrlHandlerMapping.registerHandler - Mapped URL path [/**] onto handler of type [class org.springframework.web.servlet.resource.ResourceHttpRequestHandler]
2019-07-17 11:46:15.052 [main] INFO  o.s.u.f.SpringTemplateLoader.<init> - SpringTemplateLoader for FreeMarker: using resource loader [org.springframework.web.context.support.GenericWebApplicationContext@57f791c6: startup date [Wed Jul 17 11:46:09 CST 2019]; root of context hierarchy] and template loader path [classpath:/templates/]
2019-07-17 11:46:15.054 [main] INFO  o.s.w.s.v.f.FreeMarkerConfigurer.postProcessTemplateLoaders - ClassTemplateLoader for Spring macros added to FreeMarker configuration
2019-07-17 11:46:15.091 [main] WARN  o.s.b.a.f.FreeMarkerAutoConfiguration.checkTemplateLocationExists - Cannot find template location(s): [classpath:/templates/] (please add some templates, check your FreeMarker configuration, or set spring.freemarker.checkTemplateLocation=false)
2019-07-17 11:46:16.820 [main] INFO  cn.abel.service.ServiceTest.logStarted - Started ServiceTest in 9.271 seconds (JVM running for 11.523)
2019-07-17 11:46:22.908 [main] INFO  cn.abel.service.ServiceTest.logStarting - Starting ServiceTest on SKY-20180121KYF with PID 140944 (started by Administrator in C:\Users\Administrator\Desktop\springBoot-master\springboot-mybatis2)
2019-07-17 11:46:22.911 [main] INFO  cn.abel.service.ServiceTest.logStartupProfileInfo - No active profile set, falling back to default profiles: default
2019-07-17 11:46:23.019 [main] INFO  o.s.w.c.s.GenericWebApplicationContext.prepareRefresh - Refreshing org.springframework.web.context.support.GenericWebApplicationContext@15bcf458: startup date [Wed Jul 17 11:46:23 CST 2019]; root of context hierarchy
2019-07-17 11:46:38.741 [main] INFO  com.zaxxer.hikari.HikariDataSource.getConnection - HikariPool-1 - Starting...
2019-07-17 11:46:38.743 [Thread-2] INFO  o.s.w.c.s.GenericWebApplicationContext.doClose - Closing org.springframework.web.context.support.GenericWebApplicationContext@57f791c6: startup date [Wed Jul 17 11:46:09 CST 2019]; root of context hierarchy
2019-07-17 11:46:43.569 [main] INFO  cn.abel.service.ServiceTest.logStarting - Starting ServiceTest on SKY-20180121KYF with PID 123024 (started by Administrator in C:\Users\Administrator\Desktop\springBoot-master\springboot-mybatis2)
2019-07-17 11:46:43.572 [main] INFO  cn.abel.service.ServiceTest.logStartupProfileInfo - No active profile set, falling back to default profiles: default
2019-07-17 11:46:43.638 [main] INFO  o.s.w.c.s.GenericWebApplicationContext.prepareRefresh - Refreshing org.springframework.web.context.support.GenericWebApplicationContext@51650883: startup date [Wed Jul 17 11:46:43 CST 2019]; root of context hierarchy
2019-07-17 11:46:47.448 [main] INFO  o.s.w.s.h.SimpleUrlHandlerMapping.registerHandler - Mapped URL path [/**/favicon.ico] onto handler of type [class org.springframework.web.servlet.resource.ResourceHttpRequestHandler]
2019-07-17 11:46:48.161 [main] INFO  o.s.w.s.m.m.a.RequestMappingHandlerAdapter.initControllerAdviceCache - Looking for @ControllerAdvice: org.springframework.web.context.support.GenericWebApplicationContext@51650883: startup date [Wed Jul 17 11:46:43 CST 2019]; root of context hierarchy
2019-07-17 11:46:48.568 [main] INFO  o.s.w.s.m.m.a.RequestMappingHandlerMapping.register - Mapped "{[/count]}" onto public int cn.abel.controller.Controller.abc()
2019-07-17 11:46:48.579 [main] INFO  o.s.w.s.m.m.a.RequestMappingHandlerMapping.register - Mapped "{[/error]}" onto public org.springframework.http.ResponseEntity<java.util.Map<java.lang.String, java.lang.Object>> org.springframework.boot.autoconfigure.web.servlet.error.BasicErrorController.error(javax.servlet.http.HttpServletRequest)
2019-07-17 11:46:48.587 [main] INFO  o.s.w.s.m.m.a.RequestMappingHandlerMapping.register - Mapped "{[/error],produces=[text/html]}" onto public org.springframework.web.servlet.ModelAndView org.springframework.boot.autoconfigure.web.servlet.error.BasicErrorController.errorHtml(javax.servlet.http.HttpServletRequest,javax.servlet.http.HttpServletResponse)
2019-07-17 11:46:48.654 [main] INFO  o.s.w.s.h.SimpleUrlHandlerMapping.registerHandler - Mapped URL path [/webjars/**] onto handler of type [class org.springframework.web.servlet.resource.ResourceHttpRequestHandler]
2019-07-17 11:46:48.655 [main] INFO  o.s.w.s.h.SimpleUrlHandlerMapping.registerHandler - Mapped URL path [/**] onto handler of type [class org.springframework.web.servlet.resource.ResourceHttpRequestHandler]
2019-07-17 11:46:49.004 [main] INFO  o.s.u.f.SpringTemplateLoader.<init> - SpringTemplateLoader for FreeMarker: using resource loader [org.springframework.web.context.support.GenericWebApplicationContext@51650883: startup date [Wed Jul 17 11:46:43 CST 2019]; root of context hierarchy] and template loader path [classpath:/templates/]
2019-07-17 11:46:49.006 [main] INFO  o.s.w.s.v.f.FreeMarkerConfigurer.postProcessTemplateLoaders - ClassTemplateLoader for Spring macros added to FreeMarker configuration
2019-07-17 11:46:49.039 [main] WARN  o.s.b.a.f.FreeMarkerAutoConfiguration.checkTemplateLocationExists - Cannot find template location(s): [classpath:/templates/] (please add some templates, check your FreeMarker configuration, or set spring.freemarker.checkTemplateLocation=false)
2019-07-17 11:46:49.483 [main] INFO  cn.abel.service.ServiceTest.logStarted - Started ServiceTest in 6.856 seconds (JVM running for 9.909)
2019-07-17 11:46:52.107 [main] INFO  com.zaxxer.hikari.HikariDataSource.getConnection - HikariPool-1 - Starting...
2019-07-17 11:46:52.472 [main] INFO  com.zaxxer.hikari.HikariDataSource.getConnection - HikariPool-1 - Start completed.
2019-07-17 11:46:52.525 [Thread-2] INFO  o.s.w.c.s.GenericWebApplicationContext.doClose - Closing org.springframework.web.context.support.GenericWebApplicationContext@51650883: startup date [Wed Jul 17 11:46:43 CST 2019]; root of context hierarchy
2019-07-17 11:46:52.556 [Thread-2] INFO  com.zaxxer.hikari.HikariDataSource.close - HikariPool-1 - Shutdown initiated...
2019-07-17 11:46:52.668 [Thread-2] INFO  com.zaxxer.hikari.HikariDataSource.close - HikariPool-1 - Shutdown completed.
2019-07-17 11:47:45.666 [Thread-3] INFO  o.s.b.w.s.c.AnnotationConfigServletWebServerApplicationContext.doClose - Closing org.springframework.boot.web.servlet.context.AnnotationConfigServletWebServerApplicationContext@74960bfa: startup date [Wed Jul 17 11:33:49 CST 2019]; root of context hierarchy
2019-07-17 11:47:45.696 [Thread-3] INFO  o.s.j.e.a.AnnotationMBeanExporter.destroy - Unregistering JMX-exposed beans on shutdown
2019-07-17 11:47:45.696 [Thread-3] INFO  o.s.j.e.a.AnnotationMBeanExporter.unregisterBeans - Unregistering JMX-exposed beans
2019-07-17 11:47:45.696 [Thread-3] INFO  com.zaxxer.hikari.HikariDataSource.close - HikariPool-1 - Shutdown initiated...
2019-07-17 11:47:45.908 [Thread-3] INFO  com.zaxxer.hikari.HikariDataSource.close - HikariPool-1 - Shutdown completed.
2019-07-17 11:47:49.956 [main] INFO  cn.abel.Application.logStarting - Starting Application on SKY-20180121KYF with PID 16272 (C:\Users\Administrator\Desktop\springBoot-master\springboot-mybatis2\target\classes started by Administrator in C:\Users\Administrator\Desktop\springBoot-master\springboot-mybatis2)
2019-07-17 11:47:49.964 [main] INFO  cn.abel.Application.logStartupProfileInfo - No active profile set, falling back to default profiles: default
2019-07-17 11:47:50.045 [main] INFO  o.s.b.w.s.c.AnnotationConfigServletWebServerApplicationContext.prepareRefresh - Refreshing org.springframework.boot.web.servlet.context.AnnotationConfigServletWebServerApplicationContext@5dcb4f5f: startup date [Wed Jul 17 11:47:50 CST 2019]; root of context hierarchy
2019-07-17 11:47:53.159 [main] INFO  o.s.b.w.e.tomcat.TomcatWebServer.initialize - Tomcat initialized with port(s): 8009 (http)
2019-07-17 11:47:53.185 [main] INFO  o.a.coyote.http11.Http11NioProtocol.log - Initializing ProtocolHandler ["http-nio-8009"]
2019-07-17 11:47:53.204 [main] INFO  o.a.catalina.core.StandardService.log - Starting service [Tomcat]
2019-07-17 11:47:53.205 [main] INFO  o.a.catalina.core.StandardEngine.log - Starting Servlet Engine: Apache Tomcat/8.5.32
2019-07-17 11:47:53.511 [localhost-startStop-1] INFO  o.a.c.core.AprLifecycleListener.log - The APR based Apache Tomcat Native library which allows optimal performance in production environments was not found on the java.library.path: [C:\Program Files\Java\jdk1.8.0_192\bin;C:\Windows\Sun\Java\bin;C:\Windows\system32;C:\Windows;D:\新建文件夹 (2)\;C:\Program Files\Java\jdk1.8.0_192\bin;C:\Program Files\Java\jdk1.8.0_192\jre\bin;c:\windows\system32;C:\Users\Administrator\AppData\Local\GitHubDesktop\bin;.]
2019-07-17 11:47:53.751 [localhost-startStop-1] INFO  o.a.c.c.C.[Tomcat].[localhost].[/].log - Initializing Spring embedded WebApplicationContext
2019-07-17 11:47:53.751 [localhost-startStop-1] INFO  o.s.web.context.ContextLoader.prepareWebApplicationContext - Root WebApplicationContext: initialization completed in 3707 ms
2019-07-17 11:47:54.161 [localhost-startStop-1] INFO  o.s.b.w.s.ServletRegistrationBean.addRegistration - Servlet dispatcherServlet mapped to [/]
2019-07-17 11:47:54.182 [localhost-startStop-1] INFO  o.s.b.w.s.FilterRegistrationBean.configure - Mapping filter: 'characterEncodingFilter' to: [/*]
2019-07-17 11:47:54.183 [localhost-startStop-1] INFO  o.s.b.w.s.FilterRegistrationBean.configure - Mapping filter: 'hiddenHttpMethodFilter' to: [/*]
2019-07-17 11:47:54.184 [localhost-startStop-1] INFO  o.s.b.w.s.FilterRegistrationBean.configure - Mapping filter: 'httpPutFormContentFilter' to: [/*]
2019-07-17 11:47:54.184 [localhost-startStop-1] INFO  o.s.b.w.s.FilterRegistrationBean.configure - Mapping filter: 'requestContextFilter' to: [/*]
2019-07-17 11:47:54.940 [main] INFO  o.s.w.s.h.SimpleUrlHandlerMapping.registerHandler - Mapped URL path [/**/favicon.ico] onto handler of type [class org.springframework.web.servlet.resource.ResourceHttpRequestHandler]
2019-07-17 11:47:55.219 [main] INFO  o.s.w.s.m.m.a.RequestMappingHandlerAdapter.initControllerAdviceCache - Looking for @ControllerAdvice: org.springframework.boot.web.servlet.context.AnnotationConfigServletWebServerApplicationContext@5dcb4f5f: startup date [Wed Jul 17 11:47:50 CST 2019]; root of context hierarchy
2019-07-17 11:47:55.348 [main] INFO  o.s.w.s.m.m.a.RequestMappingHandlerMapping.register - Mapped "{[/count]}" onto public int cn.abel.controller.Controller.abc()
2019-07-17 11:47:55.355 [main] INFO  o.s.w.s.m.m.a.RequestMappingHandlerMapping.register - Mapped "{[/error]}" onto public org.springframework.http.ResponseEntity<java.util.Map<java.lang.String, java.lang.Object>> org.springframework.boot.autoconfigure.web.servlet.error.BasicErrorController.error(javax.servlet.http.HttpServletRequest)
2019-07-17 11:47:55.356 [main] INFO  o.s.w.s.m.m.a.RequestMappingHandlerMapping.register - Mapped "{[/error],produces=[text/html]}" onto public org.springframework.web.servlet.ModelAndView org.springframework.boot.autoconfigure.web.servlet.error.BasicErrorController.errorHtml(javax.servlet.http.HttpServletRequest,javax.servlet.http.HttpServletResponse)
2019-07-17 11:47:55.403 [main] INFO  o.s.w.s.h.SimpleUrlHandlerMapping.registerHandler - Mapped URL path [/webjars/**] onto handler of type [class org.springframework.web.servlet.resource.ResourceHttpRequestHandler]
2019-07-17 11:47:55.404 [main] INFO  o.s.w.s.h.SimpleUrlHandlerMapping.registerHandler - Mapped URL path [/**] onto handler of type [class org.springframework.web.servlet.resource.ResourceHttpRequestHandler]
2019-07-17 11:47:55.767 [main] INFO  o.s.u.f.SpringTemplateLoader.<init> - SpringTemplateLoader for FreeMarker: using resource loader [org.springframework.boot.web.servlet.context.AnnotationConfigServletWebServerApplicationContext@5dcb4f5f: startup date [Wed Jul 17 11:47:50 CST 2019]; root of context hierarchy] and template loader path [classpath:/templates/]
2019-07-17 11:47:55.768 [main] INFO  o.s.w.s.v.f.FreeMarkerConfigurer.postProcessTemplateLoaders - ClassTemplateLoader for Spring macros added to FreeMarker configuration
2019-07-17 11:47:55.799 [main] WARN  o.s.b.a.f.FreeMarkerAutoConfiguration.checkTemplateLocationExists - Cannot find template location(s): [classpath:/templates/] (please add some templates, check your FreeMarker configuration, or set spring.freemarker.checkTemplateLocation=false)
2019-07-17 11:47:55.998 [main] INFO  o.s.j.e.a.AnnotationMBeanExporter.afterSingletonsInstantiated - Registering beans for JMX exposure on startup
2019-07-17 11:47:56.000 [main] INFO  o.s.j.e.a.AnnotationMBeanExporter.autodetect - Bean with name 'dataSource' has been autodetected for JMX exposure
2019-07-17 11:47:56.008 [main] INFO  o.s.j.e.a.AnnotationMBeanExporter.registerBeanInstance - Located MBean 'dataSource': registering with JMX server as MBean [com.zaxxer.hikari:name=dataSource,type=HikariDataSource]
2019-07-17 11:47:56.025 [main] INFO  o.a.coyote.http11.Http11NioProtocol.log - Starting ProtocolHandler ["http-nio-8009"]
2019-07-17 11:47:56.042 [main] INFO  o.a.tomcat.util.net.NioSelectorPool.log - Using a shared selector for servlet write/read
2019-07-17 11:47:56.144 [main] INFO  o.s.b.w.e.tomcat.TomcatWebServer.start - Tomcat started on port(s): 8009 (http) with context path ''
2019-07-17 11:47:56.149 [main] INFO  cn.abel.Application.logStarted - Started Application in 7.121 seconds (JVM running for 7.872)
2019-07-17 11:48:00.593 [http-nio-8009-exec-7] INFO  o.a.c.c.C.[Tomcat].[localhost].[/].log - Initializing Spring FrameworkServlet 'dispatcherServlet'
2019-07-17 11:48:00.593 [http-nio-8009-exec-7] INFO  o.s.web.servlet.DispatcherServlet.initServletBean - FrameworkServlet 'dispatcherServlet': initialization started
2019-07-17 11:48:00.620 [http-nio-8009-exec-7] INFO  o.s.web.servlet.DispatcherServlet.initServletBean - FrameworkServlet 'dispatcherServlet': initialization completed in 26 ms
2019-07-17 11:48:00.868 [http-nio-8009-exec-7] INFO  com.zaxxer.hikari.HikariDataSource.getConnection - HikariPool-1 - Starting...
2019-07-17 11:48:01.196 [http-nio-8009-exec-7] INFO  com.zaxxer.hikari.HikariDataSource.getConnection - HikariPool-1 - Start completed.
2019-07-17 11:48:35.241 [Thread-3] INFO  o.s.b.w.s.c.AnnotationConfigServletWebServerApplicationContext.doClose - Closing org.springframework.boot.web.servlet.context.AnnotationConfigServletWebServerApplicationContext@5dcb4f5f: startup date [Wed Jul 17 11:47:50 CST 2019]; root of context hierarchy
2019-07-17 11:48:35.340 [Thread-3] INFO  o.s.j.e.a.AnnotationMBeanExporter.destroy - Unregistering JMX-exposed beans on shutdown
2019-07-17 11:48:35.341 [Thread-3] INFO  o.s.j.e.a.AnnotationMBeanExporter.unregisterBeans - Unregistering JMX-exposed beans
2019-07-17 11:48:35.343 [Thread-3] INFO  com.zaxxer.hikari.HikariDataSource.close - HikariPool-1 - Shutdown initiated...
2019-07-17 11:48:35.364 [Thread-3] INFO  com.zaxxer.hikari.HikariDataSource.close - HikariPool-1 - Shutdown completed.
2019-07-17 11:48:39.947 [main] INFO  cn.abel.Application.logStarting - Starting Application on SKY-20180121KYF with PID 76376 (C:\Users\Administrator\Desktop\springBoot-master\springboot-mybatis2\target\classes started by Administrator in C:\Users\Administrator\Desktop\springBoot-master\springboot-mybatis2)
2019-07-17 11:48:39.954 [main] INFO  cn.abel.Application.logStartupProfileInfo - No active profile set, falling back to default profiles: default
2019-07-17 11:48:40.130 [main] INFO  o.s.b.w.s.c.AnnotationConfigServletWebServerApplicationContext.prepareRefresh - Refreshing org.springframework.boot.web.servlet.context.AnnotationConfigServletWebServerApplicationContext@3c7c886c: startup date [Wed Jul 17 11:48:40 CST 2019]; root of context hierarchy
2019-07-17 11:48:43.321 [main] INFO  o.s.b.w.e.tomcat.TomcatWebServer.initialize - Tomcat initialized with port(s): 8009 (http)
2019-07-17 11:48:43.345 [main] INFO  o.a.coyote.http11.Http11NioProtocol.log - Initializing ProtocolHandler ["http-nio-8009"]
2019-07-17 11:48:43.365 [main] INFO  o.a.catalina.core.StandardService.log - Starting service [Tomcat]
2019-07-17 11:48:43.365 [main] INFO  o.a.catalina.core.StandardEngine.log - Starting Servlet Engine: Apache Tomcat/8.5.32
2019-07-17 11:48:43.422 [localhost-startStop-1] INFO  o.a.c.core.AprLifecycleListener.log - The APR based Apache Tomcat Native library which allows optimal performance in production environments was not found on the java.library.path: [C:\Program Files\Java\jdk1.8.0_192\bin;C:\Windows\Sun\Java\bin;C:\Windows\system32;C:\Windows;D:\新建文件夹 (2)\;C:\Program Files\Java\jdk1.8.0_192\bin;C:\Program Files\Java\jdk1.8.0_192\jre\bin;c:\windows\system32;C:\Users\Administrator\AppData\Local\GitHubDesktop\bin;.]
2019-07-17 11:48:43.759 [localhost-startStop-1] INFO  o.a.c.c.C.[Tomcat].[localhost].[/].log - Initializing Spring embedded WebApplicationContext
2019-07-17 11:48:43.760 [localhost-startStop-1] INFO  o.s.web.context.ContextLoader.prepareWebApplicationContext - Root WebApplicationContext: initialization completed in 3629 ms
2019-07-17 11:48:43.876 [localhost-startStop-1] INFO  o.s.b.w.s.ServletRegistrationBean.addRegistration - Servlet dispatcherServlet mapped to [/]
2019-07-17 11:48:44.330 [localhost-startStop-1] INFO  o.s.b.w.s.FilterRegistrationBean.configure - Mapping filter: 'characterEncodingFilter' to: [/*]
2019-07-17 11:48:44.331 [localhost-startStop-1] INFO  o.s.b.w.s.FilterRegistrationBean.configure - Mapping filter: 'hiddenHttpMethodFilter' to: [/*]
2019-07-17 11:48:44.331 [localhost-startStop-1] INFO  o.s.b.w.s.FilterRegistrationBean.configure - Mapping filter: 'httpPutFormContentFilter' to: [/*]
2019-07-17 11:48:44.332 [localhost-startStop-1] INFO  o.s.b.w.s.FilterRegistrationBean.configure - Mapping filter: 'requestContextFilter' to: [/*]
2019-07-17 11:48:45.533 [main] INFO  o.s.w.s.h.SimpleUrlHandlerMapping.registerHandler - Mapped URL path [/**/favicon.ico] onto handler of type [class org.springframework.web.servlet.resource.ResourceHttpRequestHandler]
2019-07-17 11:48:45.989 [main] INFO  o.s.w.s.m.m.a.RequestMappingHandlerAdapter.initControllerAdviceCache - Looking for @ControllerAdvice: org.springframework.boot.web.servlet.context.AnnotationConfigServletWebServerApplicationContext@3c7c886c: startup date [Wed Jul 17 11:48:40 CST 2019]; root of context hierarchy
2019-07-17 11:48:46.088 [main] INFO  o.s.w.s.m.m.a.RequestMappingHandlerMapping.register - Mapped "{[/count]}" onto public int cn.abel.controller.Controller.abc()
2019-07-17 11:48:46.094 [main] INFO  o.s.w.s.m.m.a.RequestMappingHandlerMapping.register - Mapped "{[/error]}" onto public org.springframework.http.ResponseEntity<java.util.Map<java.lang.String, java.lang.Object>> org.springframework.boot.autoconfigure.web.servlet.error.BasicErrorController.error(javax.servlet.http.HttpServletRequest)
2019-07-17 11:48:46.095 [main] INFO  o.s.w.s.m.m.a.RequestMappingHandlerMapping.register - Mapped "{[/error],produces=[text/html]}" onto public org.springframework.web.servlet.ModelAndView org.springframework.boot.autoconfigure.web.servlet.error.BasicErrorController.errorHtml(javax.servlet.http.HttpServletRequest,javax.servlet.http.HttpServletResponse)
2019-07-17 11:48:46.133 [main] INFO  o.s.w.s.h.SimpleUrlHandlerMapping.registerHandler - Mapped URL path [/webjars/**] onto handler of type [class org.springframework.web.servlet.resource.ResourceHttpRequestHandler]
2019-07-17 11:48:46.134 [main] INFO  o.s.w.s.h.SimpleUrlHandlerMapping.registerHandler - Mapped URL path [/**] onto handler of type [class org.springframework.web.servlet.resource.ResourceHttpRequestHandler]
2019-07-17 11:48:46.542 [main] INFO  o.s.u.f.SpringTemplateLoader.<init> - SpringTemplateLoader for FreeMarker: using resource loader [org.springframework.boot.web.servlet.context.AnnotationConfigServletWebServerApplicationContext@3c7c886c: startup date [Wed Jul 17 11:48:40 CST 2019]; root of context hierarchy] and template loader path [classpath:/templates/]
2019-07-17 11:48:46.543 [main] INFO  o.s.w.s.v.f.FreeMarkerConfigurer.postProcessTemplateLoaders - ClassTemplateLoader for Spring macros added to FreeMarker configuration
2019-07-17 11:48:46.573 [main] WARN  o.s.b.a.f.FreeMarkerAutoConfiguration.checkTemplateLocationExists - Cannot find template location(s): [classpath:/templates/] (please add some templates, check your FreeMarker configuration, or set spring.freemarker.checkTemplateLocation=false)
2019-07-17 11:48:46.817 [main] INFO  o.s.j.e.a.AnnotationMBeanExporter.afterSingletonsInstantiated - Registering beans for JMX exposure on startup
2019-07-17 11:48:46.819 [main] INFO  o.s.j.e.a.AnnotationMBeanExporter.autodetect - Bean with name 'dataSource' has been autodetected for JMX exposure
2019-07-17 11:48:46.827 [main] INFO  o.s.j.e.a.AnnotationMBeanExporter.registerBeanInstance - Located MBean 'dataSource': registering with JMX server as MBean [com.zaxxer.hikari:name=dataSource,type=HikariDataSource]
2019-07-17 11:48:46.842 [main] INFO  o.a.coyote.http11.Http11NioProtocol.log - Starting ProtocolHandler ["http-nio-8009"]
2019-07-17 11:48:46.861 [main] INFO  o.a.tomcat.util.net.NioSelectorPool.log - Using a shared selector for servlet write/read
2019-07-17 11:48:47.338 [main] INFO  o.s.b.w.e.tomcat.TomcatWebServer.start - Tomcat started on port(s): 8009 (http) with context path ''
2019-07-17 11:48:47.389 [main] INFO  cn.abel.Application.logStarted - Started Application in 8.961 seconds (JVM running for 9.704)
2019-07-17 11:49:11.855 [http-nio-8009-exec-7] INFO  o.a.c.c.C.[Tomcat].[localhost].[/].log - Initializing Spring FrameworkServlet 'dispatcherServlet'
2019-07-17 11:49:11.855 [http-nio-8009-exec-7] INFO  o.s.web.servlet.DispatcherServlet.initServletBean - FrameworkServlet 'dispatcherServlet': initialization started
2019-07-17 11:49:11.979 [http-nio-8009-exec-7] INFO  o.s.web.servlet.DispatcherServlet.initServletBean - FrameworkServlet 'dispatcherServlet': initialization completed in 118 ms
2019-07-17 11:49:12.066 [http-nio-8009-exec-7] INFO  com.zaxxer.hikari.HikariDataSource.getConnection - HikariPool-1 - Starting...
2019-07-17 11:49:12.394 [http-nio-8009-exec-7] INFO  com.zaxxer.hikari.HikariDataSource.getConnection - HikariPool-1 - Start completed.
2019-07-17 12:34:38.866 [Thread-3] INFO  o.s.b.w.s.c.AnnotationConfigServletWebServerApplicationContext.doClose - Closing org.springframework.boot.web.servlet.context.AnnotationConfigServletWebServerApplicationContext@3c7c886c: startup date [Wed Jul 17 11:48:40 CST 2019]; root of context hierarchy
2019-07-17 12:34:38.866 [Thread-3] INFO  o.s.j.e.a.AnnotationMBeanExporter.destroy - Unregistering JMX-exposed beans on shutdown
2019-07-17 12:34:38.866 [Thread-3] INFO  o.s.j.e.a.AnnotationMBeanExporter.unregisterBeans - Unregistering JMX-exposed beans
2019-07-17 12:34:38.876 [Thread-3] INFO  com.zaxxer.hikari.HikariDataSource.close - HikariPool-1 - Shutdown initiated...
2019-07-17 12:34:38.926 [Thread-3] INFO  com.zaxxer.hikari.HikariDataSource.close - HikariPool-1 - Shutdown completed.
